# JRE version: OpenJDK Runtime Environment (17.0.11) (build 17.0.11+0--11852314)
# Java VM: OpenJDK 64-Bit Server VM (17.0.11+0--11852314, mixed mode, tiered, compressed oops, compressed class ptrs, g1 gc, windows-amd64)
GC Precious Log:
 CPUs: 4 total, 4 available
 Memory: 3900M
 Large Page Support: Disabled
 NUMA Support: Disabled
 Compressed Oops: Enabled (32-bit)
 Heap Region Size: 1M
 Heap Min Capacity: 8M
 Heap Initial Capacity: 62M
 Heap Max Capacity: 2G
 Pre-touch: Disabled
 Parallel Workers: 4
 Concurrent Workers: 1
 Concurrent Refinement Workers: 4
 Periodic GC: Disabled
Heap:
 garbage-first heap   total 178176K, used 103947K [0x0000000080000000, 0x0000000100000000)
  region size 1024K, 2 young (2048K), 2 survivors (2048K)
 Metaspace       used 101964K, committed 102656K, reserved 1179648K
  class space    used 13755K, committed 14080K, reserved 1048576K
GC Heap History (20 events):
Event: 15.699 GC heap after
{Heap after GC invocations=38 (full 0):
 garbage-first heap   total 178176K, used 78484K [0x0000000080000000, 0x0000000100000000)
  region size 1024K, 8 young (8192K), 8 survivors (8192K)
 Metaspace       used 65960K, committed 66560K, reserved 1114112K
  class space    used 8808K, committed 9088K, reserved 1048576K
}
Event: 17.340 GC heap before
{Heap before GC invocations=38 (full 0):
 garbage-first heap   total 178176K, used 133780K [0x0000000080000000, 0x0000000100000000)
  region size 1024K, 62 young (63488K), 8 survivors (8192K)
 Metaspace       used 73139K, committed 73792K, reserved 1114112K
  class space    used 10290K, committed 10560K, reserved 1048576K
}
Event: 17.351 GC heap after
{Heap after GC invocations=39 (full 0):
 garbage-first heap   total 178176K, used 78296K [0x0000000080000000, 0x0000000100000000)
  region size 1024K, 3 young (3072K), 3 survivors (3072K)
 Metaspace       used 73139K, committed 73792K, reserved 1114112K
  class space    used 10290K, committed 10560K, reserved 1048576K
}
Event: 18.363 GC heap before
{Heap before GC invocations=39 (full 0):
 garbage-first heap   total 178176K, used 136664K [0x0000000080000000, 0x0000000100000000)
  region size 1024K, 60 young (61440K), 3 survivors (3072K)
 Metaspace       used 80378K, committed 81088K, reserved 1179648K
  class space    used 11269K, committed 11584K, reserved 1048576K
}
Event: 18.369 GC heap after
{Heap after GC invocations=40 (full 0):
 garbage-first heap   total 178176K, used 79485K [0x0000000080000000, 0x0000000100000000)
  region size 1024K, 5 young (5120K), 5 survivors (5120K)
 Metaspace       used 80378K, committed 81088K, reserved 1179648K
  class space    used 11269K, committed 11584K, reserved 1048576K
}
Event: 19.117 GC heap before
{Heap before GC invocations=40 (full 0):
 garbage-first heap   total 178176K, used 118397K [0x0000000080000000, 0x0000000100000000)
  region size 1024K, 44 young (45056K), 5 survivors (5120K)
 Metaspace       used 86337K, committed 87104K, reserved 1179648K
  class space    used 12026K, committed 12352K, reserved 1048576K
}
Event: 19.127 GC heap after
{Heap after GC invocations=41 (full 0):
 garbage-first heap   total 178176K, used 80237K [0x0000000080000000, 0x0000000100000000)
  region size 1024K, 5 young (5120K), 5 survivors (5120K)
 Metaspace       used 86337K, committed 87104K, reserved 1179648K
  class space    used 12026K, committed 12352K, reserved 1048576K
}
Event: 19.212 GC heap before
{Heap before GC invocations=41 (full 0):
 garbage-first heap   total 178176K, used 86381K [0x0000000080000000, 0x0000000100000000)
  region size 1024K, 6 young (6144K), 5 survivors (5120K)
 Metaspace       used 86337K, committed 87104K, reserved 1179648K
  class space    used 12026K, committed 12352K, reserved 1048576K
}
Event: 19.221 GC heap after
{Heap after GC invocations=42 (full 0):
 garbage-first heap   total 178176K, used 86447K [0x0000000080000000, 0x0000000100000000)
  region size 1024K, 3 young (3072K), 3 survivors (3072K)
 Metaspace       used 86337K, committed 87104K, reserved 1179648K
  class space    used 12026K, committed 12352K, reserved 1048576K
}
Event: 19.927 GC heap before
{Heap before GC invocations=43 (full 0):
 garbage-first heap   total 178176K, used 147887K [0x0000000080000000, 0x0000000100000000)
  region size 1024K, 62 young (63488K), 3 survivors (3072K)
 Metaspace       used 89444K, committed 90176K, reserved 1179648K
  class space    used 12403K, committed 12736K, reserved 1048576K
}
Event: 19.954 GC heap after
{Heap after GC invocations=44 (full 0):
 garbage-first heap   total 178176K, used 90729K [0x0000000080000000, 0x0000000100000000)
  region size 1024K, 8 young (8192K), 8 survivors (8192K)
 Metaspace       used 89444K, committed 90176K, reserved 1179648K
  class space    used 12403K, committed 12736K, reserved 1048576K
}
Event: 19.978 GC heap before
{Heap before GC invocations=44 (full 0):
 garbage-first heap   total 178176K, used 91753K [0x0000000080000000, 0x0000000100000000)
  region size 1024K, 9 young (9216K), 8 survivors (8192K)
 Metaspace       used 89615K, committed 90304K, reserved 1179648K
  class space    used 12419K, committed 12736K, reserved 1048576K
}
Event: 19.994 GC heap after
{Heap after GC invocations=45 (full 0):
 garbage-first heap   total 178176K, used 91965K [0x0000000080000000, 0x0000000100000000)
  region size 1024K, 2 young (2048K), 2 survivors (2048K)
 Metaspace       used 89615K, committed 90304K, reserved 1179648K
  class space    used 12419K, committed 12736K, reserved 1048576K
}
Event: 20.143 GC heap before
{Heap before GC invocations=45 (full 0):
 garbage-first heap   total 178176K, used 101181K [0x0000000080000000, 0x0000000100000000)
  region size 1024K, 12 young (12288K), 2 survivors (2048K)
 Metaspace       used 90717K, committed 91456K, reserved 1179648K
  class space    used 12542K, committed 12864K, reserved 1048576K
}
Event: 20.146 GC heap after
{Heap after GC invocations=46 (full 0):
 garbage-first heap   total 178176K, used 91681K [0x0000000080000000, 0x0000000100000000)
  region size 1024K, 2 young (2048K), 2 survivors (2048K)
 Metaspace       used 90717K, committed 91456K, reserved 1179648K
  class space    used 12542K, committed 12864K, reserved 1048576K
}
Event: 20.825 GC heap before
{Heap before GC invocations=47 (full 0):
 garbage-first heap   total 178176K, used 151073K [0x0000000080000000, 0x0000000100000000)
  region size 1024K, 53 young (54272K), 2 survivors (2048K)
 Metaspace       used 96548K, committed 97344K, reserved 1179648K
  class space    used 13087K, committed 13440K, reserved 1048576K
}
Event: 20.831 GC heap after
{Heap after GC invocations=48 (full 0):
 garbage-first heap   total 178176K, used 102624K [0x0000000080000000, 0x0000000100000000)
  region size 1024K, 5 young (5120K), 5 survivors (5120K)
 Metaspace       used 96548K, committed 97344K, reserved 1179648K
  class space    used 13087K, committed 13440K, reserved 1048576K
}
Event: 20.860 GC heap before
{Heap before GC invocations=48 (full 0):
 garbage-first heap   total 178176K, used 104672K [0x0000000080000000, 0x0000000100000000)
  region size 1024K, 8 young (8192K), 5 survivors (5120K)
 Metaspace       used 96789K, committed 97536K, reserved 1179648K
  class space    used 13118K, committed 13440K, reserved 1048576K
}
Event: 20.879 GC heap after
{Heap after GC invocations=49 (full 0):
 garbage-first heap   total 178176K, used 103058K [0x0000000080000000, 0x0000000100000000)
  region size 1024K, 1 young (1024K), 1 survivors (1024K)
 Metaspace       used 96789K, committed 97536K, reserved 1179648K
  class space    used 13118K, committed 13440K, reserved 1048576K
}
Event: 21.635 GC heap before
{Heap before GC invocations=49 (full 0):
 garbage-first heap   total 178176K, used 147090K [0x0000000080000000, 0x0000000100000000)
  region size 1024K, 44 young (45056K), 1 survivors (1024K)
 Metaspace       used 101964K, committed 102656K, reserved 1179648K
  class space    used 13755K, committed 14080K, reserved 1048576K
}

