# JRE version: OpenJDK Runtime Environment (17.0.11) (build 17.0.11+0--11852314)
# Java VM: OpenJDK 64-Bit Server VM (17.0.11+0--11852314, mixed mode, tiered, compressed oops, compressed class ptrs, g1 gc, windows-amd64)
GC Precious Log:
 CPUs: 4 total, 4 available
 Memory: 3900M
 Large Page Support: Disabled
 NUMA Support: Disabled
 Compressed Oops: Enabled (32-bit)
 Heap Region Size: 1M
 Heap Min Capacity: 8M
 Heap Initial Capacity: 62M
 Heap Max Capacity: 976M
 Pre-touch: Disabled
 Parallel Workers: 4
 Concurrent Workers: 1
 Concurrent Refinement Workers: 4
 Periodic GC: Disabled
Heap:
 garbage-first heap   total 75776K, used 43128K [0x00000000c3000000, 0x0000000100000000)
  region size 1024K, 2 young (2048K), 2 survivors (2048K)
 Metaspace       used 56982K, committed 57216K, reserved 1114112K
  class space    used 6528K, committed 6656K, reserved 1048576K
GC Heap History (20 events):
Event: 8.226 GC heap after
{Heap after GC invocations=18 (full 0):
 garbage-first heap   total 46080K, used 28671K [0x00000000c3000000, 0x0000000100000000)
  region size 1024K, 2 young (2048K), 2 survivors (2048K)
 Metaspace       used 48484K, committed 48640K, reserved 1114112K
  class space    used 5891K, committed 5952K, reserved 1048576K
}
Event: 8.759 GC heap before
{Heap before GC invocations=19 (full 0):
 garbage-first heap   total 51200K, used 35839K [0x00000000c3000000, 0x0000000100000000)
  region size 1024K, 9 young (9216K), 2 survivors (2048K)
 Metaspace       used 50222K, committed 50432K, reserved 1114112K
  class space    used 6094K, committed 6208K, reserved 1048576K
}
Event: 8.766 GC heap after
{Heap after GC invocations=20 (full 0):
 garbage-first heap   total 51200K, used 29434K [0x00000000c3000000, 0x0000000100000000)
  region size 1024K, 1 young (1024K), 1 survivors (1024K)
 Metaspace       used 50222K, committed 50432K, reserved 1114112K
  class space    used 6094K, committed 6208K, reserved 1048576K
}
Event: 9.366 GC heap before
{Heap before GC invocations=20 (full 0):
 garbage-first heap   total 51200K, used 40698K [0x00000000c3000000, 0x0000000100000000)
  region size 1024K, 12 young (12288K), 1 survivors (1024K)
 Metaspace       used 51712K, committed 51968K, reserved 1114112K
  class space    used 6236K, committed 6336K, reserved 1048576K
}
Event: 9.375 GC heap after
{Heap after GC invocations=21 (full 0):
 garbage-first heap   total 71680K, used 31476K [0x00000000c3000000, 0x0000000100000000)
  region size 1024K, 2 young (2048K), 2 survivors (2048K)
 Metaspace       used 51712K, committed 51968K, reserved 1114112K
  class space    used 6236K, committed 6336K, reserved 1048576K
}
Event: 10.166 GC heap before
{Heap before GC invocations=22 (full 0):
 garbage-first heap   total 71680K, used 55028K [0x00000000c3000000, 0x0000000100000000)
  region size 1024K, 25 young (25600K), 2 survivors (2048K)
 Metaspace       used 53180K, committed 53440K, reserved 1114112K
  class space    used 6304K, committed 6400K, reserved 1048576K
}
Event: 10.179 GC heap after
{Heap after GC invocations=23 (full 0):
 garbage-first heap   total 71680K, used 36005K [0x00000000c3000000, 0x0000000100000000)
  region size 1024K, 4 young (4096K), 4 survivors (4096K)
 Metaspace       used 53180K, committed 53440K, reserved 1114112K
  class space    used 6304K, committed 6400K, reserved 1048576K
}
Event: 10.292 GC heap before
{Heap before GC invocations=23 (full 0):
 garbage-first heap   total 71680K, used 54437K [0x00000000c3000000, 0x0000000100000000)
  region size 1024K, 22 young (22528K), 4 survivors (4096K)
 Metaspace       used 53291K, committed 53568K, reserved 1114112K
  class space    used 6305K, committed 6400K, reserved 1048576K
}
Event: 10.303 GC heap after
{Heap after GC invocations=24 (full 0):
 garbage-first heap   total 71680K, used 37388K [0x00000000c3000000, 0x0000000100000000)
  region size 1024K, 2 young (2048K), 2 survivors (2048K)
 Metaspace       used 53291K, committed 53568K, reserved 1114112K
  class space    used 6305K, committed 6400K, reserved 1048576K
}
Event: 10.722 GC heap before
{Heap before GC invocations=25 (full 0):
 garbage-first heap   total 71680K, used 55820K [0x00000000c3000000, 0x0000000100000000)
  region size 1024K, 20 young (20480K), 2 survivors (2048K)
 Metaspace       used 54212K, committed 54400K, reserved 1114112K
  class space    used 6397K, committed 6464K, reserved 1048576K
}
Event: 10.732 GC heap after
{Heap after GC invocations=26 (full 0):
 garbage-first heap   total 71680K, used 39786K [0x00000000c3000000, 0x0000000100000000)
  region size 1024K, 3 young (3072K), 3 survivors (3072K)
 Metaspace       used 54212K, committed 54400K, reserved 1114112K
  class space    used 6397K, committed 6464K, reserved 1048576K
}
Event: 10.735 GC heap before
{Heap before GC invocations=26 (full 0):
 garbage-first heap   total 71680K, used 40810K [0x00000000c3000000, 0x0000000100000000)
  region size 1024K, 4 young (4096K), 3 survivors (3072K)
 Metaspace       used 54215K, committed 54400K, reserved 1114112K
  class space    used 6397K, committed 6464K, reserved 1048576K
}
Event: 10.744 GC heap after
{Heap after GC invocations=27 (full 0):
 garbage-first heap   total 71680K, used 40027K [0x00000000c3000000, 0x0000000100000000)
  region size 1024K, 1 young (1024K), 1 survivors (1024K)
 Metaspace       used 54215K, committed 54400K, reserved 1114112K
  class space    used 6397K, committed 6464K, reserved 1048576K
}
Event: 10.968 GC heap before
{Heap before GC invocations=27 (full 0):
 garbage-first heap   total 71680K, used 55387K [0x00000000c3000000, 0x0000000100000000)
  region size 1024K, 17 young (17408K), 1 survivors (1024K)
 Metaspace       used 55028K, committed 55232K, reserved 1114112K
  class space    used 6499K, committed 6592K, reserved 1048576K
}
Event: 10.973 GC heap after
{Heap after GC invocations=28 (full 0):
 garbage-first heap   total 71680K, used 41268K [0x00000000c3000000, 0x0000000100000000)
  region size 1024K, 2 young (2048K), 2 survivors (2048K)
 Metaspace       used 55028K, committed 55232K, reserved 1114112K
  class space    used 6499K, committed 6592K, reserved 1048576K
}
Event: 11.900 GC heap before
{Heap before GC invocations=29 (full 0):
 garbage-first heap   total 75776K, used 56628K [0x00000000c3000000, 0x0000000100000000)
  region size 1024K, 17 young (17408K), 2 survivors (2048K)
 Metaspace       used 56316K, committed 56576K, reserved 1114112K
  class space    used 6523K, committed 6656K, reserved 1048576K
}
Event: 11.906 GC heap after
{Heap after GC invocations=30 (full 0):
 garbage-first heap   total 75776K, used 42438K [0x00000000c3000000, 0x0000000100000000)
  region size 1024K, 2 young (2048K), 2 survivors (2048K)
 Metaspace       used 56316K, committed 56576K, reserved 1114112K
  class space    used 6523K, committed 6656K, reserved 1048576K
}
Event: 11.984 GC heap before
{Heap before GC invocations=30 (full 0):
 garbage-first heap   total 75776K, used 43462K [0x00000000c3000000, 0x0000000100000000)
  region size 1024K, 3 young (3072K), 2 survivors (2048K)
 Metaspace       used 56430K, committed 56704K, reserved 1114112K
  class space    used 6523K, committed 6656K, reserved 1048576K
}
Event: 11.988 GC heap after
{Heap after GC invocations=31 (full 0):
 garbage-first heap   total 75776K, used 41976K [0x00000000c3000000, 0x0000000100000000)
  region size 1024K, 1 young (1024K), 1 survivors (1024K)
 Metaspace       used 56430K, committed 56704K, reserved 1114112K
  class space    used 6523K, committed 6656K, reserved 1048576K
}
Event: 12.681 GC heap before
{Heap before GC invocations=31 (full 0):
 garbage-first heap   total 75776K, used 59384K [0x00000000c3000000, 0x0000000100000000)
  region size 1024K, 18 young (18432K), 1 survivors (1024K)
 Metaspace       used 56982K, committed 57216K, reserved 1114112K
  class space    used 6528K, committed 6656K, reserved 1048576K
}

