# JRE version: OpenJDK Runtime Environment (17.0.11) (build 17.0.11+0--11852314)
# Java VM: OpenJDK 64-Bit Server VM (17.0.11+0--11852314, mixed mode, tiered, compressed oops, compressed class ptrs, g1 gc, windows-amd64)
GC Precious Log:
 CPUs: 4 total, 4 available
 Memory: 3900M
 Large Page Support: Disabled
 NUMA Support: Disabled
 Compressed Oops: Enabled (32-bit)
 Heap Region Size: 1M
 Heap Min Capacity: 8M
 Heap Initial Capacity: 62M
 Heap Max Capacity: 2G
 Pre-touch: Disabled
 Parallel Workers: 4
 Concurrent Workers: 1
 Concurrent Refinement Workers: 4
 Periodic GC: Disabled
Heap:
 garbage-first heap   total 199680K, used 128599K [0x0000000080000000, 0x0000000100000000)
  region size 1024K, 6 young (6144K), 6 survivors (6144K)
 Metaspace       used 130808K, committed 131456K, reserved 1179648K
  class space    used 16811K, committed 17088K, reserved 1048576K
GC Heap History (20 events):
Event: 17.177 GC heap after
{Heap after GC invocations=52 (full 0):
 garbage-first heap   total 199680K, used 99536K [0x0000000080000000, 0x0000000100000000)
  region size 1024K, 8 young (8192K), 8 survivors (8192K)
 Metaspace       used 96348K, committed 96960K, reserved 1179648K
  class space    used 12911K, committed 13184K, reserved 1048576K
}
Event: 17.179 GC heap before
{Heap before GC invocations=52 (full 0):
 garbage-first heap   total 199680K, used 100560K [0x0000000080000000, 0x0000000100000000)
  region size 1024K, 9 young (9216K), 8 survivors (8192K)
 Metaspace       used 96351K, committed 96960K, reserved 1179648K
  class space    used 12911K, committed 13184K, reserved 1048576K
}
Event: 17.191 GC heap after
{Heap after GC invocations=53 (full 0):
 garbage-first heap   total 199680K, used 99936K [0x0000000080000000, 0x0000000100000000)
  region size 1024K, 1 young (1024K), 1 survivors (1024K)
 Metaspace       used 96351K, committed 96960K, reserved 1179648K
  class space    used 12911K, committed 13184K, reserved 1048576K
}
Event: 17.928 GC heap before
{Heap before GC invocations=53 (full 0):
 garbage-first heap   total 199680K, used 162400K [0x0000000080000000, 0x0000000100000000)
  region size 1024K, 62 young (63488K), 1 survivors (1024K)
 Metaspace       used 99047K, committed 99712K, reserved 1179648K
  class space    used 13190K, committed 13504K, reserved 1048576K
}
Event: 17.940 GC heap after
{Heap after GC invocations=54 (full 0):
 garbage-first heap   total 199680K, used 106399K [0x0000000080000000, 0x0000000100000000)
  region size 1024K, 8 young (8192K), 8 survivors (8192K)
 Metaspace       used 99047K, committed 99712K, reserved 1179648K
  class space    used 13190K, committed 13504K, reserved 1048576K
}
Event: 19.084 GC heap before
{Heap before GC invocations=55 (full 0):
 garbage-first heap   total 199680K, used 162719K [0x0000000080000000, 0x0000000100000000)
  region size 1024K, 63 young (64512K), 8 survivors (8192K)
 Metaspace       used 105014K, committed 105600K, reserved 1179648K
  class space    used 13824K, committed 14080K, reserved 1048576K
}
Event: 19.098 GC heap after
{Heap after GC invocations=56 (full 0):
 garbage-first heap   total 199680K, used 110711K [0x0000000080000000, 0x0000000100000000)
  region size 1024K, 5 young (5120K), 5 survivors (5120K)
 Metaspace       used 105014K, committed 105600K, reserved 1179648K
  class space    used 13824K, committed 14080K, reserved 1048576K
}
Event: 19.207 GC heap before
{Heap before GC invocations=56 (full 0):
 garbage-first heap   total 199680K, used 113783K [0x0000000080000000, 0x0000000100000000)
  region size 1024K, 9 young (9216K), 5 survivors (5120K)
 Metaspace       used 105547K, committed 106176K, reserved 1179648K
  class space    used 13876K, committed 14144K, reserved 1048576K
}
Event: 19.216 GC heap after
{Heap after GC invocations=57 (full 0):
 garbage-first heap   total 199680K, used 110490K [0x0000000080000000, 0x0000000100000000)
  region size 1024K, 1 young (1024K), 1 survivors (1024K)
 Metaspace       used 105547K, committed 106176K, reserved 1179648K
  class space    used 13876K, committed 14144K, reserved 1048576K
}
Event: 20.744 GC heap before
{Heap before GC invocations=57 (full 0):
 garbage-first heap   total 199680K, used 163738K [0x0000000080000000, 0x0000000100000000)
  region size 1024K, 53 young (54272K), 1 survivors (1024K)
 Metaspace       used 113061K, committed 113664K, reserved 1179648K
  class space    used 14710K, committed 14976K, reserved 1048576K
}
Event: 20.751 GC heap after
{Heap after GC invocations=58 (full 0):
 garbage-first heap   total 199680K, used 111320K [0x0000000080000000, 0x0000000100000000)
  region size 1024K, 2 young (2048K), 2 survivors (2048K)
 Metaspace       used 113061K, committed 113664K, reserved 1179648K
  class space    used 14710K, committed 14976K, reserved 1048576K
}
Event: 22.551 GC heap before
{Heap before GC invocations=59 (full 0):
 garbage-first heap   total 199680K, used 165592K [0x0000000080000000, 0x0000000100000000)
  region size 1024K, 55 young (56320K), 2 survivors (2048K)
 Metaspace       used 119352K, committed 119936K, reserved 1179648K
  class space    used 15355K, committed 15616K, reserved 1048576K
}
Event: 22.559 GC heap after
{Heap after GC invocations=60 (full 0):
 garbage-first heap   total 199680K, used 113830K [0x0000000080000000, 0x0000000100000000)
  region size 1024K, 4 young (4096K), 4 survivors (4096K)
 Metaspace       used 119352K, committed 119936K, reserved 1179648K
  class space    used 15355K, committed 15616K, reserved 1048576K
}
Event: 22.645 GC heap before
{Heap before GC invocations=60 (full 0):
 garbage-first heap   total 199680K, used 118950K [0x0000000080000000, 0x0000000100000000)
  region size 1024K, 9 young (9216K), 4 survivors (4096K)
 Metaspace       used 119396K, committed 120000K, reserved 1179648K
  class space    used 15355K, committed 15616K, reserved 1048576K
}
Event: 22.669 GC heap after
{Heap after GC invocations=61 (full 0):
 garbage-first heap   total 199680K, used 114066K [0x0000000080000000, 0x0000000100000000)
  region size 1024K, 2 young (2048K), 2 survivors (2048K)
 Metaspace       used 119396K, committed 120000K, reserved 1179648K
  class space    used 15355K, committed 15616K, reserved 1048576K
}
Event: 23.106 GC heap before
{Heap before GC invocations=61 (full 0):
 garbage-first heap   total 199680K, used 167314K [0x0000000080000000, 0x0000000100000000)
  region size 1024K, 53 young (54272K), 2 survivors (2048K)
 Metaspace       used 119885K, committed 120512K, reserved 1179648K
  class space    used 15391K, committed 15680K, reserved 1048576K
}
Event: 23.112 GC heap after
{Heap after GC invocations=62 (full 0):
 garbage-first heap   total 199680K, used 118469K [0x0000000080000000, 0x0000000100000000)
  region size 1024K, 6 young (6144K), 6 survivors (6144K)
 Metaspace       used 119885K, committed 120512K, reserved 1179648K
  class space    used 15391K, committed 15680K, reserved 1048576K
}
Event: 24.294 GC heap before
{Heap before GC invocations=62 (full 0):
 garbage-first heap   total 199680K, used 166597K [0x0000000080000000, 0x0000000100000000)
  region size 1024K, 53 young (54272K), 6 survivors (6144K)
 Metaspace       used 124944K, committed 125568K, reserved 1179648K
  class space    used 16102K, committed 16384K, reserved 1048576K
}
Event: 24.324 GC heap after
{Heap after GC invocations=63 (full 0):
 garbage-first heap   total 199680K, used 122704K [0x0000000080000000, 0x0000000100000000)
  region size 1024K, 5 young (5120K), 5 survivors (5120K)
 Metaspace       used 124944K, committed 125568K, reserved 1179648K
  class space    used 16102K, committed 16384K, reserved 1048576K
}
Event: 25.044 GC heap before
{Heap before GC invocations=63 (full 0):
 garbage-first heap   total 199680K, used 165712K [0x0000000080000000, 0x0000000100000000)
  region size 1024K, 48 young (49152K), 5 survivors (5120K)
 Metaspace       used 130808K, committed 131456K, reserved 1179648K
  class space    used 16811K, committed 17088K, reserved 1048576K
}

