# JRE version: OpenJDK Runtime Environment (17.0.11) (build 17.0.11+0--11852314)
# Java VM: OpenJDK 64-Bit Server VM (17.0.11+0--11852314, mixed mode, tiered, compressed oops, compressed class ptrs, g1 gc, windows-amd64)
GC Precious Log:
 CPUs: 4 total, 4 available
 Memory: 3900M
 Large Page Support: Disabled
 NUMA Support: Disabled
 Compressed Oops: Enabled (32-bit)
 Heap Region Size: 1M
 Heap Min Capacity: 8M
 Heap Initial Capacity: 62M
 Heap Max Capacity: 2G
 Pre-touch: Disabled
 Parallel Workers: 4
 Concurrent Workers: 1
 Concurrent Refinement Workers: 4
 Periodic GC: Disabled
Heap:
 garbage-first heap   total 278528K, used 175612K [0x0000000080000000, 0x0000000100000000)
  region size 1024K, 8 young (8192K), 8 survivors (8192K)
 Metaspace       used 115883K, committed 116608K, reserved 1179648K
  class space    used 15926K, committed 16256K, reserved 1048576K
GC Heap History (20 events):
Event: 45.378 GC heap after
{Heap after GC invocations=42 (full 0):
 garbage-first heap   total 266240K, used 95156K [0x0000000080000000, 0x0000000100000000)
  region size 1024K, 14 young (14336K), 14 survivors (14336K)
 Metaspace       used 98988K, committed 99648K, reserved 1179648K
  class space    used 13651K, committed 13952K, reserved 1048576K
}
Event: 79.996 GC heap before
{Heap before GC invocations=42 (full 0):
 garbage-first heap   total 266240K, used 219060K [0x0000000080000000, 0x0000000100000000)
  region size 1024K, 131 young (134144K), 14 survivors (14336K)
 Metaspace       used 105459K, committed 106240K, reserved 1179648K
  class space    used 14422K, committed 14784K, reserved 1048576K
}
Event: 80.364 GC heap after
{Heap after GC invocations=43 (full 0):
 garbage-first heap   total 266240K, used 104538K [0x0000000080000000, 0x0000000100000000)
  region size 1024K, 17 young (17408K), 17 survivors (17408K)
 Metaspace       used 105459K, committed 106240K, reserved 1179648K
  class space    used 14422K, committed 14784K, reserved 1048576K
}
Event: 88.481 GC heap before
{Heap before GC invocations=43 (full 0):
 garbage-first heap   total 266240K, used 126042K [0x0000000080000000, 0x0000000100000000)
  region size 1024K, 39 young (39936K), 17 survivors (17408K)
 Metaspace       used 105905K, committed 106624K, reserved 1179648K
  class space    used 14500K, committed 14848K, reserved 1048576K
}
Event: 88.618 GC heap after
{Heap after GC invocations=44 (full 0):
 garbage-first heap   total 266240K, used 107157K [0x0000000080000000, 0x0000000100000000)
  region size 1024K, 4 young (4096K), 4 survivors (4096K)
 Metaspace       used 105905K, committed 106624K, reserved 1179648K
  class space    used 14500K, committed 14848K, reserved 1048576K
}
Event: 93.554 GC heap before
{Heap before GC invocations=44 (full 0):
 garbage-first heap   total 266240K, used 211605K [0x0000000080000000, 0x0000000100000000)
  region size 1024K, 107 young (109568K), 4 survivors (4096K)
 Metaspace       used 108916K, committed 109632K, reserved 1179648K
  class space    used 14885K, committed 15232K, reserved 1048576K
}
Event: 93.592 GC heap after
{Heap after GC invocations=45 (full 0):
 garbage-first heap   total 266240K, used 117295K [0x0000000080000000, 0x0000000100000000)
  region size 1024K, 14 young (14336K), 14 survivors (14336K)
 Metaspace       used 108916K, committed 109632K, reserved 1179648K
  class space    used 14885K, committed 15232K, reserved 1048576K
}
Event: 94.456 GC heap before
{Heap before GC invocations=45 (full 0):
 garbage-first heap   total 266240K, used 191023K [0x0000000080000000, 0x0000000100000000)
  region size 1024K, 88 young (90112K), 14 survivors (14336K)
 Metaspace       used 110775K, committed 111488K, reserved 1179648K
  class space    used 15172K, committed 15488K, reserved 1048576K
}
Event: 94.511 GC heap after
{Heap after GC invocations=46 (full 0):
 garbage-first heap   total 266240K, used 130995K [0x0000000080000000, 0x0000000100000000)
  region size 1024K, 14 young (14336K), 14 survivors (14336K)
 Metaspace       used 110775K, committed 111488K, reserved 1179648K
  class space    used 15172K, committed 15488K, reserved 1048576K
}
Event: 95.921 GC heap before
{Heap before GC invocations=47 (full 0):
 garbage-first heap   total 266240K, used 208819K [0x0000000080000000, 0x0000000100000000)
  region size 1024K, 90 young (92160K), 14 survivors (14336K)
 Metaspace       used 112895K, committed 113664K, reserved 1179648K
  class space    used 15474K, committed 15808K, reserved 1048576K
}
Event: 95.955 GC heap after
{Heap after GC invocations=48 (full 0):
 garbage-first heap   total 266240K, used 141812K [0x0000000080000000, 0x0000000100000000)
  region size 1024K, 12 young (12288K), 12 survivors (12288K)
 Metaspace       used 112895K, committed 113664K, reserved 1179648K
  class space    used 15474K, committed 15808K, reserved 1048576K
}
Event: 95.982 GC heap before
{Heap before GC invocations=48 (full 0):
 garbage-first heap   total 266240K, used 142836K [0x0000000080000000, 0x0000000100000000)
  region size 1024K, 13 young (13312K), 12 survivors (12288K)
 Metaspace       used 112895K, committed 113664K, reserved 1179648K
  class space    used 15474K, committed 15808K, reserved 1048576K
}
Event: 96.018 GC heap after
{Heap after GC invocations=49 (full 0):
 garbage-first heap   total 266240K, used 142336K [0x0000000080000000, 0x0000000100000000)
  region size 1024K, 2 young (2048K), 2 survivors (2048K)
 Metaspace       used 112895K, committed 113664K, reserved 1179648K
  class space    used 15474K, committed 15808K, reserved 1048576K
}
Event: 96.459 GC heap before
{Heap before GC invocations=49 (full 0):
 garbage-first heap   total 266240K, used 210944K [0x0000000080000000, 0x0000000100000000)
  region size 1024K, 69 young (70656K), 2 survivors (2048K)
 Metaspace       used 114050K, committed 114752K, reserved 1179648K
  class space    used 15676K, committed 16000K, reserved 1048576K
}
Event: 96.484 GC heap after
{Heap after GC invocations=50 (full 0):
 garbage-first heap   total 266240K, used 152576K [0x0000000080000000, 0x0000000100000000)
  region size 1024K, 9 young (9216K), 9 survivors (9216K)
 Metaspace       used 114050K, committed 114752K, reserved 1179648K
  class space    used 15676K, committed 16000K, reserved 1048576K
}
Event: 97.349 GC heap before
{Heap before GC invocations=51 (full 0):
 garbage-first heap   total 278528K, used 210944K [0x0000000080000000, 0x0000000100000000)
  region size 1024K, 67 young (68608K), 9 survivors (9216K)
 Metaspace       used 115238K, committed 115968K, reserved 1179648K
  class space    used 15836K, committed 16192K, reserved 1048576K
}
Event: 97.379 GC heap after
{Heap after GC invocations=52 (full 0):
 garbage-first heap   total 278528K, used 163840K [0x0000000080000000, 0x0000000100000000)
  region size 1024K, 9 young (9216K), 9 survivors (9216K)
 Metaspace       used 115238K, committed 115968K, reserved 1179648K
  class space    used 15836K, committed 16192K, reserved 1048576K
}
Event: 97.393 GC heap before
{Heap before GC invocations=52 (full 0):
 garbage-first heap   total 278528K, used 167936K [0x0000000080000000, 0x0000000100000000)
  region size 1024K, 13 young (13312K), 9 survivors (9216K)
 Metaspace       used 115240K, committed 115968K, reserved 1179648K
  class space    used 15836K, committed 16192K, reserved 1048576K
}
Event: 97.421 GC heap after
{Heap after GC invocations=53 (full 0):
 garbage-first heap   total 278528K, used 165746K [0x0000000080000000, 0x0000000100000000)
  region size 1024K, 2 young (2048K), 2 survivors (2048K)
 Metaspace       used 115240K, committed 115968K, reserved 1179648K
  class space    used 15836K, committed 16192K, reserved 1048576K
}
Event: 97.640 GC heap before
{Heap before GC invocations=53 (full 0):
 garbage-first heap   total 278528K, used 224114K [0x0000000080000000, 0x0000000100000000)
  region size 1024K, 59 young (60416K), 2 survivors (2048K)
 Metaspace       used 115883K, committed 116608K, reserved 1179648K
  class space    used 15926K, committed 16256K, reserved 1048576K
}

