# JRE version: OpenJDK Runtime Environment (17.0.11) (build 17.0.11+0--11852314)
# Java VM: OpenJDK 64-Bit Server VM (17.0.11+0--11852314, mixed mode, tiered, compressed oops, compressed class ptrs, g1 gc, windows-amd64)
GC Precious Log:
 CPUs: 4 total, 4 available
 Memory: 3900M
 Large Page Support: Disabled
 NUMA Support: Disabled
 Compressed Oops: Enabled (32-bit)
 Heap Region Size: 1M
 Heap Min Capacity: 8M
 Heap Initial Capacity: 62M
 Heap Max Capacity: 976M
 Pre-touch: Disabled
 Parallel Workers: 4
 Concurrent Workers: 1
 Concurrent Refinement Workers: 4
 Periodic GC: Disabled
Heap:
 garbage-first heap   total 185344K, used 115960K [0x00000000c3000000, 0x0000000100000000)
  region size 1024K, 78 young (79872K), 1 survivors (1024K)
 Metaspace       used 57018K, committed 57216K, reserved 1114112K
  class space    used 6505K, committed 6592K, reserved 1048576K
GC Heap History (20 events):
Event: 8.153 GC heap before
{Heap before GC invocations=12 (full 0):
 garbage-first heap   total 49152K, used 36251K [0x00000000c3000000, 0x0000000100000000)
  region size 1024K, 16 young (16384K), 2 survivors (2048K)
 Metaspace       used 46068K, committed 46272K, reserved 1114112K
  class space    used 5609K, committed 5696K, reserved 1048576K
}
Event: 8.159 GC heap after
{Heap after GC invocations=13 (full 0):
 garbage-first heap   total 49152K, used 23401K [0x00000000c3000000, 0x0000000100000000)
  region size 1024K, 2 young (2048K), 2 survivors (2048K)
 Metaspace       used 46068K, committed 46272K, reserved 1114112K
  class space    used 5609K, committed 5696K, reserved 1048576K
}
Event: 8.395 GC heap before
{Heap before GC invocations=13 (full 0):
 garbage-first heap   total 49152K, used 28521K [0x00000000c3000000, 0x0000000100000000)
  region size 1024K, 8 young (8192K), 2 survivors (2048K)
 Metaspace       used 47133K, committed 47360K, reserved 1114112K
  class space    used 5731K, committed 5824K, reserved 1048576K
}
Event: 8.400 GC heap after
{Heap after GC invocations=14 (full 0):
 garbage-first heap   total 49152K, used 24171K [0x00000000c3000000, 0x0000000100000000)
  region size 1024K, 1 young (1024K), 1 survivors (1024K)
 Metaspace       used 47133K, committed 47360K, reserved 1114112K
  class space    used 5731K, committed 5824K, reserved 1048576K
}
Event: 8.706 GC heap before
{Heap before GC invocations=15 (full 0):
 garbage-first heap   total 49152K, used 39531K [0x00000000c3000000, 0x0000000100000000)
  region size 1024K, 14 young (14336K), 1 survivors (1024K)
 Metaspace       used 49008K, committed 49216K, reserved 1114112K
  class space    used 5973K, committed 6080K, reserved 1048576K
}
Event: 8.712 GC heap after
{Heap after GC invocations=16 (full 0):
 garbage-first heap   total 49152K, used 29057K [0x00000000c3000000, 0x0000000100000000)
  region size 1024K, 2 young (2048K), 2 survivors (2048K)
 Metaspace       used 49008K, committed 49216K, reserved 1114112K
  class space    used 5973K, committed 6080K, reserved 1048576K
}
Event: 8.731 GC heap before
{Heap before GC invocations=16 (full 0):
 garbage-first heap   total 49152K, used 29057K [0x00000000c3000000, 0x0000000100000000)
  region size 1024K, 3 young (3072K), 2 survivors (2048K)
 Metaspace       used 49218K, committed 49408K, reserved 1114112K
  class space    used 5990K, committed 6080K, reserved 1048576K
}
Event: 8.738 GC heap after
{Heap after GC invocations=17 (full 0):
 garbage-first heap   total 59392K, used 28894K [0x00000000c3000000, 0x0000000100000000)
  region size 1024K, 1 young (1024K), 1 survivors (1024K)
 Metaspace       used 49218K, committed 49408K, reserved 1114112K
  class space    used 5990K, committed 6080K, reserved 1048576K
}
Event: 9.222 GC heap before
{Heap before GC invocations=17 (full 0):
 garbage-first heap   total 59392K, used 44254K [0x00000000c3000000, 0x0000000100000000)
  region size 1024K, 16 young (16384K), 1 survivors (1024K)
 Metaspace       used 51761K, committed 52032K, reserved 1114112K
  class space    used 6233K, committed 6336K, reserved 1048576K
}
Event: 9.230 GC heap after
{Heap after GC invocations=18 (full 0):
 garbage-first heap   total 59392K, used 31579K [0x00000000c3000000, 0x0000000100000000)
  region size 1024K, 2 young (2048K), 2 survivors (2048K)
 Metaspace       used 51761K, committed 52032K, reserved 1114112K
  class space    used 6233K, committed 6336K, reserved 1048576K
}
Event: 10.140 GC heap before
{Heap before GC invocations=19 (full 0):
 garbage-first heap   total 59392K, used 45915K [0x00000000c3000000, 0x0000000100000000)
  region size 1024K, 16 young (16384K), 2 survivors (2048K)
 Metaspace       used 52884K, committed 53184K, reserved 1114112K
  class space    used 6284K, committed 6400K, reserved 1048576K
}
Event: 10.155 GC heap after
{Heap after GC invocations=20 (full 0):
 garbage-first heap   total 59392K, used 35230K [0x00000000c3000000, 0x0000000100000000)
  region size 1024K, 2 young (2048K), 2 survivors (2048K)
 Metaspace       used 52884K, committed 53184K, reserved 1114112K
  class space    used 6284K, committed 6400K, reserved 1048576K
}
Event: 10.167 GC heap before
{Heap before GC invocations=20 (full 0):
 garbage-first heap   total 59392K, used 35230K [0x00000000c3000000, 0x0000000100000000)
  region size 1024K, 3 young (3072K), 2 survivors (2048K)
 Metaspace       used 52891K, committed 53184K, reserved 1114112K
  class space    used 6284K, committed 6400K, reserved 1048576K
}
Event: 10.177 GC heap after
{Heap after GC invocations=21 (full 0):
 garbage-first heap   total 59392K, used 34107K [0x00000000c3000000, 0x0000000100000000)
  region size 1024K, 1 young (1024K), 1 survivors (1024K)
 Metaspace       used 52891K, committed 53184K, reserved 1114112K
  class space    used 6284K, committed 6400K, reserved 1048576K
}
Event: 10.254 GC heap before
{Heap before GC invocations=21 (full 0):
 garbage-first heap   total 59392K, used 44347K [0x00000000c3000000, 0x0000000100000000)
  region size 1024K, 12 young (12288K), 1 survivors (1024K)
 Metaspace       used 52929K, committed 53184K, reserved 1114112K
  class space    used 6284K, committed 6400K, reserved 1048576K
}
Event: 10.263 GC heap after
{Heap after GC invocations=22 (full 0):
 garbage-first heap   total 59392K, used 37510K [0x00000000c3000000, 0x0000000100000000)
  region size 1024K, 2 young (2048K), 2 survivors (2048K)
 Metaspace       used 52929K, committed 53184K, reserved 1114112K
  class space    used 6284K, committed 6400K, reserved 1048576K
}
Event: 10.461 GC heap before
{Heap before GC invocations=23 (full 0):
 garbage-first heap   total 65536K, used 46726K [0x00000000c3000000, 0x0000000100000000)
  region size 1024K, 11 young (11264K), 2 survivors (2048K)
 Metaspace       used 52935K, committed 53184K, reserved 1114112K
  class space    used 6284K, committed 6400K, reserved 1048576K
}
Event: 10.470 GC heap after
{Heap after GC invocations=24 (full 0):
 garbage-first heap   total 65536K, used 39513K [0x00000000c3000000, 0x0000000100000000)
  region size 1024K, 2 young (2048K), 2 survivors (2048K)
 Metaspace       used 52935K, committed 53184K, reserved 1114112K
  class space    used 6284K, committed 6400K, reserved 1048576K
}
Event: 10.488 GC heap before
{Heap before GC invocations=24 (full 0):
 garbage-first heap   total 65536K, used 40537K [0x00000000c3000000, 0x0000000100000000)
  region size 1024K, 3 young (3072K), 2 survivors (2048K)
 Metaspace       used 52942K, committed 53248K, reserved 1114112K
  class space    used 6286K, committed 6400K, reserved 1048576K
}
Event: 10.497 GC heap after
{Heap after GC invocations=25 (full 0):
 garbage-first heap   total 185344K, used 38136K [0x00000000c3000000, 0x0000000100000000)
  region size 1024K, 1 young (1024K), 1 survivors (1024K)
 Metaspace       used 52942K, committed 53248K, reserved 1114112K
  class space    used 6286K, committed 6400K, reserved 1048576K
}

